0 info it worked if it ends with ok
1 verbose cli [ '/Users/Florian/.nvm/versions/node/v4.2.4/bin/node',
1 verbose cli   '/Users/Florian/.nvm/versions/node/v4.2.4/bin/npm',
1 verbose cli   'run',
1 verbose cli   'test:server' ]
2 info using npm@2.14.12
3 info using node@v4.2.4
4 verbose run-script [ 'pretest:server', 'test:server', 'posttest:server' ]
5 info pretest:server jugendsommer@2.0.0-beta.0
6 verbose unsafe-perm in lifecycle true
7 info test:server jugendsommer@2.0.0-beta.0
8 verbose unsafe-perm in lifecycle true
9 info jugendsommer@2.0.0-beta.0 Failed to exec test:server script
10 verbose stack Error: jugendsommer@2.0.0-beta.0 test:server: `mocha --opts mocha.server.opts`
10 verbose stack Exit status 1
10 verbose stack     at EventEmitter.<anonymous> (/Users/Florian/.nvm/versions/node/v4.2.4/lib/node_modules/npm/lib/utils/lifecycle.js:214:16)
10 verbose stack     at emitTwo (events.js:87:13)
10 verbose stack     at EventEmitter.emit (events.js:172:7)
10 verbose stack     at ChildProcess.<anonymous> (/Users/Florian/.nvm/versions/node/v4.2.4/lib/node_modules/npm/lib/utils/spawn.js:24:14)
10 verbose stack     at emitTwo (events.js:87:13)
10 verbose stack     at ChildProcess.emit (events.js:172:7)
10 verbose stack     at maybeClose (internal/child_process.js:818:16)
10 verbose stack     at Process.ChildProcess._handle.onexit (internal/child_process.js:211:5)
11 verbose pkgid jugendsommer@2.0.0-beta.0
12 verbose cwd /Users/Florian/Projects/Jugendsommer
13 error Darwin 15.3.0
14 error argv "/Users/Florian/.nvm/versions/node/v4.2.4/bin/node" "/Users/Florian/.nvm/versions/node/v4.2.4/bin/npm" "run" "test:server"
15 error node v4.2.4
16 error npm  v2.14.12
17 error code ELIFECYCLE
18 error jugendsommer@2.0.0-beta.0 test:server: `mocha --opts mocha.server.opts`
18 error Exit status 1
19 error Failed at the jugendsommer@2.0.0-beta.0 test:server script 'mocha --opts mocha.server.opts'.
19 error This is most likely a problem with the jugendsommer package,
19 error not with npm itself.
19 error Tell the author that this fails on your system:
19 error     mocha --opts mocha.server.opts
19 error You can get their info via:
19 error     npm owner ls jugendsommer
19 error There is likely additional logging output above.
20 verbose exit [ 1, true ]
